 Menu bar:  &Nav-Box                          6018                          6001
      1024       682         0 54695.9 33373.4 (Mouse pixels/status/X,Y)    6363
      1118       747         1 59277.2 29552.0 (Mouse pixels/status/X,Y)    6361
 Menu bar:  &Nav-Box                          6018                          6001
       577       438         0 56110.1 31890.1 (Mouse pixels/status/X,Y)    6363
       805       602         1 56826.3 31268.7 (Mouse pixels/status/X,Y)    6361
      1757       177   68    0  Display menu   (Pixels/key/status/Line)     6001
      1745       102   67    0  Choice of      (Pixels/key/status/Line)     6029
      1749       168   48    0  0-Full set     (Pixels/key/status/Line)     6380
           5 - Capacity Index
 Menu bar:  &Nav-Box                          6018
       535       463         0 56283.2 31653.6 (Mouse pixels/status/X,Y)    6363
      1013       748         1 56540.8 31468.3 (Mouse pixels/status/X,Y)    6361
       280       611         0 56326.1 31545.2 (Mouse pixels/status/X,Y)
       280       611         2 56326.1 31545.2 (Mouse pixels/status/X,Y)
      1401      1004   81    0  Q - Return     (Pixels/key/status/Line)     9020
       849       527         0 56413.3 31560.7 (Mouse pixels/status/X,Y)
       849       527         2 56413.3 31560.7 (Mouse pixels/status/X,Y)
      1419      1009   81    0  Q - Return     (Pixels/key/status/Line)     9020
 Menu bar:  &Nav-Out                          6016
 Menu bar:  &Nav-Out                          6016
 Menu bar:  &Nav-Out                          6016
 Menu bar:  &Nav-Box                          6018
       371       353         0 56271.4 31623.6 (Mouse pixels/status/X,Y)    6363
       642       611         1 56352.6 31530.5 (Mouse pixels/status/X,Y)    6361
 Menu bar:  &Nav-Out                          6016
 Menu bar:  &Nav-Out                          6016
 Menu bar:  &Nav-Out                          6016
 Menu bar:  &Nav-Out                          6016
 Menu bar:  &Nav-Out                          6016
 Menu bar:  &Nav-Out                          6016
 Menu bar:  &Nav-Out                          6016
 Menu bar:  &Nav-Out                          6016
 Menu bar:  &Nav-Out                          6016
 Menu bar:  &Nav-Box                          6018
       731       168         0 56252.3 31813.6 (Mouse pixels/status/X,Y)    6363
      1281       643         1 56552.2 31501.1 (Mouse pixels/status/X,Y)    6361
 Menu bar:  &Exit                             1700
Yes OK to quit the program?
