 Menu bar:  &Nav-Box                          6018                          6001
      1024       676         0 54695.9 33726.2 (Mouse pixels/status/X,Y)    6363
      1092       761         1 58010.0 28728.9 (Mouse pixels/status/X,Y)    6361
 Menu bar:  &Nav-Box                          6018                          6001
       756       353         0 56021.2 32054.2 (Mouse pixels/status/X,Y)    6363
       858       436         1 56421.7 31661.1 (Mouse pixels/status/X,Y)    6361
 Menu bar:  &Nav-Out                          6016                          6001
 Menu bar:  &Nav-Out                          6016                          6001
 Menu bar:  &Nav-Out                          6016                          6001
 Menu bar:  &Nav-Out                          6016                          6001
 Menu bar:  &Nav-Out                          6016                          6001
 Menu bar:  &Nav-Box                          6018                          6001
       859       574         0 56238.9 31804.8 (Mouse pixels/status/X,Y)    6363
      1120       915         1 56484.9 31417.0 (Mouse pixels/status/X,Y)    6361
      1750       171   68    0  Display menu   (Pixels/key/status/Line)     6001
      1747       107   67    0  Choice of      (Pixels/key/status/Line)     6029
      1740       169   48    0  0-Full set     (Pixels/key/status/Line)     6380
           5 - Capacity Index
 Menu bar:  &Nav-In                           6015
 Menu bar:  &Nav-In                           6015
 Menu bar:  &Nav-In                           6015
 Menu bar:  &Nav-In                           6015
 Menu bar:  &Nav-In                           6015
 Menu bar:  &Nav-In                           6015
 Menu bar:  &Nav-Out                          6016
 Menu bar:  &Nav-Out                          6016
 Menu bar:  &Nav-Out                          6016
 Menu bar:  &Nav-Box                          6018
       322       364         0 56281.0 31641.7 (Mouse pixels/status/X,Y)    6363
       822       746         1 56359.0 31569.8 (Mouse pixels/status/X,Y)    6361
      1752       452   81    0  Q - Return     (Pixels/key/status/Line)
      1748       172   48    0  0-Full set     (Pixels/key/status/Line)     6380
          53 - Free flow speed (kph)
       686       639         0 56311.3 31598.1 (Mouse pixels/status/X,Y)
       686       639         2 56311.3 31598.1 (Mouse pixels/status/X,Y)
      1405      1001   81    0  Q - Return     (Pixels/key/status/Line)     9020
       695       630         0 56311.8 31598.7 (Mouse pixels/status/X,Y)
       695       630         2 56311.8 31598.7 (Mouse pixels/status/X,Y)
      1405      1004   81    0  Q - Return     (Pixels/key/status/Line)     9020
       708       644         0 56312.5 31597.8 (Mouse pixels/status/X,Y)
       708       644         2 56312.5 31597.8 (Mouse pixels/status/X,Y)
      1423      1002   81    0  Q - Return     (Pixels/key/status/Line)     9020
 Menu bar:  &Nav-Out                          6016
 Menu bar:  &Nav-Out                          6016
 Menu bar:  &Nav-Out                          6016
 Menu bar:  &Nav-Out                          6016
 Menu bar:  &Nav-Out                          6016
 Menu bar:  &Nav-Out                          6016
 Menu bar:  &Nav-Out                          6016
 Menu bar:  &Nav-Box                          6018
       761       597         0 56298.6 31583.1 (Mouse pixels/status/X,Y)    6363
      1201       805         1 56417.1 31515.6 (Mouse pixels/status/X,Y)    6361
       401       576         0 56326.9 31545.2 (Mouse pixels/status/X,Y)
       401       576         2 56326.9 31545.2 (Mouse pixels/status/X,Y)
      1412      1008   81    0  Q - Return     (Pixels/key/status/Line)     9020
      1627       383         0 56413.3 31561.6 (Mouse pixels/status/X,Y)
      1627       383         2 56413.3 31561.6 (Mouse pixels/status/X,Y)
      1403      1010   81    0  Q - Return     (Pixels/key/status/Line)     9020
       394       588         0 56326.4 31544.2 (Mouse pixels/status/X,Y)
       394       588         2 56326.4 31544.2 (Mouse pixels/status/X,Y)
      1400      1002   81    0  Q - Return     (Pixels/key/status/Line)     9020
 Menu bar:  &Nav-Out                          6016
 Menu bar:  &Nav-Out                          6016
      1332       453         0 56412.0 31559.2 (Mouse pixels/status/X,Y)
      1332       453         2 56412.0 31559.2 (Mouse pixels/status/X,Y)
 Menu bar:  &Exit                             1700
No  OK to quit the program?
 Menu bar:  &Exit                             1700
No  OK to quit the program?
 Menu bar:  &Exit                             1700
Yes OK to quit the program?
