 Menu bar:  &Nav-Box                          6018                          6001
      1027       688         0 54842.1 33020.7 (Mouse pixels/status/X,Y)    6363
      1092       737         1 58010.0 30139.9 (Mouse pixels/status/X,Y)    6361
 Menu bar:  &Nav-Box                          6018                          6001
       728       444         0 56195.8 31808.4 (Mouse pixels/status/X,Y)    6363
       859       543         1 56492.3 31538.0 (Mouse pixels/status/X,Y)    6361
       692       393         0 56312.8 31706.0 (Mouse pixels/status/X,Y)    6001
       692       393         2 56312.8 31706.0 (Mouse pixels/status/X,Y)
      1421      1011   81    0  Q - Return     (Pixels/key/status/Line)     9020
       780       140         0 56331.3 31770.1 (Mouse pixels/status/X,Y)    6001
       780       140         2 56331.3 31770.1 (Mouse pixels/status/X,Y)
      1425      1005   81    0  Q - Return     (Pixels/key/status/Line)     9020
       775       145         0 56330.3 31768.9 (Mouse pixels/status/X,Y)    6001
       775       145         2 56330.3 31768.9 (Mouse pixels/status/X,Y)
       585       741         0  110.32   81.44 (Mouse pixels/status/X,Y)    9020
      1386       994   81    0  Q - Return     (Pixels/key/status/Line)     9020
       682       387         0 56310.7 31707.5 (Mouse pixels/status/X,Y)    6001
       682       387         2 56310.7 31707.5 (Mouse pixels/status/X,Y)
       651       752         0  122.77   78.94 (Mouse pixels/status/X,Y)    9020
       674       349         0  127.10  170.61 (Mouse pixels/status/X,Y)    9020
      1392      1001   81    0  Q - Return     (Pixels/key/status/Line)     9020
       699       393         0 56314.3 31706.0 (Mouse pixels/status/X,Y)    6001
       699       393         2 56314.3 31706.0 (Mouse pixels/status/X,Y)
      1412      1008   81    0  Q - Return     (Pixels/key/status/Line)     9020
       681       708         0 56310.5 31626.1 (Mouse pixels/status/X,Y)    6001
       681       708         2 56310.5 31626.1 (Mouse pixels/status/X,Y)
      1429      1004   81    0  Q - Return     (Pixels/key/status/Line)     9020
 Menu bar:  &Exit                             1700
Yes OK to quit the program?
