 Menu bar:  Set &... node                     4071                          6001
        2708
 Menu bar:  &Nav-Out                          6016                          6001
 Menu bar:  &Nav-Out                          6016                          6001
 Menu bar:  &Nav-Out                          6016                          6001
 Menu bar:  &Nav-Out                          6016                          6001
 Menu bar:  &Nav-Out                          6016                          6001
 Menu bar:  &Nav-Out                          6016                          6001
 Menu bar:  &Nav-Out                          6016                          6001
 Menu bar:  &Nav-Out                          6016                          6001
 Menu bar:  &Nav-Out                          6016                          6001
 Menu bar:  &Nav-Out                          6016                          6001
 Menu bar:  &Nav-Out                          6016                          6001
 Menu bar:  &Nav-Out                          6016                          6001
 Menu bar:  &Nav-Out                          6016                          6001
 Menu bar:  &Nav-Out                          6016                          6001
 Menu bar:  &Nav-Out                          6016                          6001
 Menu bar:  &Nav-Out                          6016                          6001
 Menu bar:  &Nav-Out                          6016                          6001
 Menu bar:  &Nav-Box                          6018                          6001
      1310       269         0 56115.4 31830.2 (Mouse pixels/status/X,Y)    6363
      1407       356         1 56453.9 31464.0 (Mouse pixels/status/X,Y)    6361
      1733       170   68    0  Display menu   (Pixels/key/status/Line)     6001
      1741        99   67    0  Choice of      (Pixels/key/status/Line)     6029
      1743       161   48    0  0-Full set     (Pixels/key/status/Line)     6380
           5 - Capacity Index
 Menu bar:  &Nav-Box                          6018
       852        82         0 56287.9 31801.7 (Mouse pixels/status/X,Y)    6363
      1156       349         1 56375.4 31709.1 (Mouse pixels/status/X,Y)    6361
 Menu bar:  &Nav-Out                          6016
 Menu bar:  &Nav-Out                          6016
 Menu bar:  &Nav-Out                          6016
 Menu bar:  &Nav-Out                          6016
 Menu bar:  &Nav-Out                          6016
 Menu bar:  &Nav-Out                          6016
 Menu bar:  &Nav-Out                          6016
 Menu bar:  &Nav-Box                          6018
       754       343         0 56302.0 31831.8 (Mouse pixels/status/X,Y)    6363
       958       641         1 56372.3 31707.9 (Mouse pixels/status/X,Y)    6361
 Menu bar:  Set &... node                     4071
        2507
 Menu bar:  &Nav-In                           6015
 Menu bar:  &Nav-In                           6015
 Menu bar:  &Nav-In                           6015
 Menu bar:  &Nav-In                           6015
 Menu bar:  &Nav-In                           6015
       833       546         0 56325.8 31544.4 (Mouse pixels/status/X,Y)
       833       546         2 56325.8 31544.4 (Mouse pixels/status/X,Y)
      1413      1009   81    0  Q - Return     (Pixels/key/status/Line)     9020
       777       392         0 56324.4 31549.2 (Mouse pixels/status/X,Y)
       777       392         2 56324.4 31549.2 (Mouse pixels/status/X,Y)
      1414       995   81    0  Q - Return     (Pixels/key/status/Line)     9020
 Menu bar:  &Nav-Out                          6016
 Menu bar:  &Nav-Out                          6016
 Menu bar:  &Nav-Out                          6016
 Menu bar:  &Nav-Out                          6016
 Menu bar:  &Nav-Out                          6016
 Menu bar:  &Nav-Out                          6016
 Menu bar:  &Nav-Out                          6016
       914       758         0 56335.0 31510.9 (Mouse pixels/status/X,Y)
       914       758         2 56335.0 31510.9 (Mouse pixels/status/X,Y)
      1434      1000   81    0  Q - Return     (Pixels/key/status/Line)     9020
 Menu bar:  &Nav-Box                          6018
       609       393         0 56297.6 31564.9 (Mouse pixels/status/X,Y)    6363
      1128       895         1 56361.3 31490.6 (Mouse pixels/status/X,Y)    6361
       945       764         0 56335.3 31511.1 (Mouse pixels/status/X,Y)
       945       764         2 56335.3 31511.1 (Mouse pixels/status/X,Y)
      1424       993   81    0  Q - Return     (Pixels/key/status/Line)     9020
       781       282         0 56325.7 31545.2 (Mouse pixels/status/X,Y)
       781       282         2 56325.7 31545.2 (Mouse pixels/status/X,Y)
      1407      1000   81    0  Q - Return     (Pixels/key/status/Line)     9020
       792       280         0 56326.3 31545.3 (Mouse pixels/status/X,Y)
       792       280         2 56326.3 31545.3 (Mouse pixels/status/X,Y)
      1442      1011   81    0  Q - Return     (Pixels/key/status/Line)     9020
       777       228         0 56325.4 31549.0 (Mouse pixels/status/X,Y)
       777       228         2 56325.4 31549.0 (Mouse pixels/status/X,Y)
      1416       998   81    0  Q - Return     (Pixels/key/status/Line)     9020
       931       776         0 56334.4 31510.3 (Mouse pixels/status/X,Y)
       931       776         2 56334.4 31510.3 (Mouse pixels/status/X,Y)
      1423       997   81    0  Q - Return     (Pixels/key/status/Line)     9020
       775       285         0 56325.3 31544.9 (Mouse pixels/status/X,Y)
       775       285         2 56325.3 31544.9 (Mouse pixels/status/X,Y)
      1426      1000   81    0  Q - Return     (Pixels/key/status/Line)     9020
 Menu bar:  &Nav-Out                          6016
 Menu bar:  &Nav-Out                          6016
 Menu bar:  &Nav-Out                          6016
 Menu bar:  &Nav-Out                          6016
 Menu bar:  &Nav-Out                          6016
 Menu bar:  &Nav-Out                          6016
       823       466         0 56325.2 31544.4 (Mouse pixels/status/X,Y)
       823       466         2 56325.2 31544.4 (Mouse pixels/status/X,Y)
      1443      1008   81    0  Q - Return     (Pixels/key/status/Line)     9020
 Menu bar:  &Nav-Box                          6018
       725       444         0 56303.3 31550.3 (Mouse pixels/status/X,Y)    6363
      1019       684         1 56369.0 31485.7 (Mouse pixels/status/X,Y)    6361
       823       645         0 56335.3 31510.8 (Mouse pixels/status/X,Y)
       823       645         2 56335.3 31510.8 (Mouse pixels/status/X,Y)
      1439      1004   81    0  Q - Return     (Pixels/key/status/Line)     9020
       811       650         0 56334.7 31510.5 (Mouse pixels/status/X,Y)
       811       650         2 56334.7 31510.5 (Mouse pixels/status/X,Y)
      1414       989         0  266.65   25.02 (Mouse pixels/status/X,Y)    9020
      1393      1005   81    0  Q - Return     (Pixels/key/status/Line)     9020
 Menu bar:  &Exit                             1700
Yes OK to quit the program?
