 Menu bar:  &Nav-Box                          6018                          6001
      1002       686         0 53623.6 33138.3 (Mouse pixels/status/X,Y)    6363
      1133       747         1 60008.3 29552.0 (Mouse pixels/status/X,Y)    6361
 Menu bar:  &Nav-Box                          6018                          6001
       655       406         0 56111.4 31901.9 (Mouse pixels/status/X,Y)    6363
       788       559         1 56616.6 31200.9 (Mouse pixels/status/X,Y)    6361
 Menu bar:  &Nav-Box                          6018                          6001
       707       563         0 56290.5 31527.8 (Mouse pixels/status/X,Y)    6363
       883       710         1 56387.4 31430.2 (Mouse pixels/status/X,Y)    6361
      1724       170   68    0  Display menu   (Pixels/key/status/Line)     6001
      1744       102   67    0  Choice of      (Pixels/key/status/Line)     6029
      1758       176   48    0  0-Full set     (Pixels/key/status/Line)     6380
          19 - Actual flow (pcu/hr)
 Menu bar:  &Nav-Out                          6016
 Menu bar:  &Nav-Out                          6016
 Menu bar:  &Nav-Out                          6016
 Menu bar:  &Nav-Out                          6016
 Menu bar:  &Nav-Out                          6016
 Menu bar:  &Nav-Out                          6016
 Menu bar:  &Nav-Out                          6016
 Menu bar:  &Nav-Box                          6018
       736       131         0 56300.7 31654.0 (Mouse pixels/status/X,Y)    6363
      1207       317         1 56473.1 31571.9 (Mouse pixels/status/X,Y)    6361
 Menu bar:  &Exit                             1700
Yes OK to quit the program?
